working in bioinfo namespace
	Command being timed: "/projects/bgmp/evew/bioinfo/Bi622/Demultiplex/Assignment-the-first/Bi622_Pt1_Qscore_Dist.py -f /projects/bgmp/shared/2017_sequencing/1294_S1_L008_R4_001.fastq.gz -l 101 -o /projects/bgmp/evew/bioinfo/Bi622/Demultiplex/Assignment-the-first/Read2"
	User time (seconds): 7186.01
	System time (seconds): 2.92
	Percent of CPU this job got: 99%
	Elapsed (wall clock) time (h:mm:ss or m:ss): 2:00:18
	Average shared text size (kbytes): 0
	Average unshared data size (kbytes): 0
	Average stack size (kbytes): 0
	Average total size (kbytes): 0
	Maximum resident set size (kbytes): 66308
	Average resident set size (kbytes): 0
	Major (requiring I/O) page faults: 0
	Minor (reclaiming a frame) page faults: 76178
	Voluntary context switches: 1004
	Involuntary context switches: 307598
	Swaps: 0
	File system inputs: 0
	File system outputs: 0
	Socket messages sent: 0
	Socket messages received: 0
	Signals delivered: 0
	Page size (bytes): 4096
	Exit status: 0
