working in bioinfo namespace
	Command being timed: "/projects/bgmp/evew/bioinfo/Bi622/Demultiplex/Assignment-the-first/Bi622_Pt1_Qscore_Dist.py -f /projects/bgmp/shared/2017_sequencing/1294_S1_L008_R1_001.fastq.gz -l 101 -o /projects/bgmp/evew/bioinfo/Bi622/Demultiplex/Assignment-the-first/Read1"
	User time (seconds): 7596.67
	System time (seconds): 2.73
	Percent of CPU this job got: 99%
	Elapsed (wall clock) time (h:mm:ss or m:ss): 2:07:07
	Average shared text size (kbytes): 0
	Average unshared data size (kbytes): 0
	Average stack size (kbytes): 0
	Average total size (kbytes): 0
	Maximum resident set size (kbytes): 60748
	Average resident set size (kbytes): 0
	Major (requiring I/O) page faults: 0
	Minor (reclaiming a frame) page faults: 72068
	Voluntary context switches: 706
	Involuntary context switches: 346632
	Swaps: 0
	File system inputs: 0
	File system outputs: 0
	Socket messages sent: 0
	Socket messages received: 0
	Signals delivered: 0
	Page size (bytes): 4096
	Exit status: 0
