/var/spool/slurm/job23670/slurm_script: line 16: dir3: command not found
usage: Bi622_Pt1_Qscore_Dist.py [-h] -f FILE_NAME -l READ_LENGTH -o
                                OUTPUT_FILE
Bi622_Pt1_Qscore_Dist.py: error: argument -f/--file_name: expected one argument
working in bioinfo namespace
Command exited with non-zero status 2
	Command being timed: "/projects/bgmp/evew/bioinfo/Bi622/Demultiplex/Assignment-the-first/Bi622_Pt1_Qscore_Dist.py -f -l 8 -o /projects/bgmp/evew/bioinfo/Bi622/Demultiplex/Assignment-the-first/Index2"
	User time (seconds): 0.39
	System time (seconds): 0.40
	Percent of CPU this job got: 174%
	Elapsed (wall clock) time (h:mm:ss or m:ss): 0:00.45
	Average shared text size (kbytes): 0
	Average unshared data size (kbytes): 0
	Average stack size (kbytes): 0
	Average total size (kbytes): 0
	Maximum resident set size (kbytes): 58244
	Average resident set size (kbytes): 0
	Major (requiring I/O) page faults: 0
	Minor (reclaiming a frame) page faults: 12228
	Voluntary context switches: 549
	Involuntary context switches: 216193
	Swaps: 0
	File system inputs: 0
	File system outputs: 0
	Socket messages sent: 0
	Socket messages received: 0
	Signals delivered: 0
	Page size (bytes): 4096
	Exit status: 2
